<?xml version="1.0" encoding="UTF-8"?>
<!-- Generated by org.testng.reporters.JUnitReportReporter -->
<testsuite hostname="DESKTOP-858BG16" failures="0" tests="1" name="com.stockbrokerreport.test.TrendlynBrokerReportsTest" time="28.279" errors="0" timestamp="2021-12-29T15:40:40 IST" skipped="0">
  <testcase classname="com.stockbrokerreport.test.TrendlynBrokerReportsTest" name="trendlynReport" time="28.279"/>
  <system-out/>
</testsuite> <!-- com.stockbrokerreport.test.TrendlynBrokerReportsTest -->
